Determining if the pthread_create exist failed with the following output:
Change Dir: /home/lc/ros_workspace/qt_ros_PAC/build/CMakeFiles/CMakeTmp

Run Build Command:"/usr/bin/make" "cmTC_f0234/fast"
/usr/bin/make -f CMakeFiles/cmTC_f0234.dir/build.make CMakeFiles/cmTC_f0234.dir/build
make[1]: Entering directory '/home/lc/ros_workspace/qt_ros_PAC/build/CMakeFiles/CMakeTmp'
Building C object CMakeFiles/cmTC_f0234.dir/CheckSymbolExists.c.o
/usr/bin/cc     -o CMakeFiles/cmTC_f0234.dir/CheckSymbolExists.c.o   -c /home/lc/ros_workspace/qt_ros_PAC/build/CMakeFiles/CMakeTmp/CheckSymbolExists.c
Linking C executable cmTC_f0234
/usr/bin/cmake -E cmake_link_script CMakeFiles/cmTC_f0234.dir/link.txt --verbose=1
/usr/bin/cc       CMakeFiles/cmTC_f0234.dir/CheckSymbolExists.c.o  -o cmTC_f0234 -rdynamic 
CMakeFiles/cmTC_f0234.dir/CheckSymbolExists.c.o：在函数‘main’中：
CheckSymbolExists.c:(.text+0x16)：对‘pthread_create’未定义的引用
collect2: error: ld returned 1 exit status
CMakeFiles/cmTC_f0234.dir/build.make:97: recipe for target 'cmTC_f0234' failed
make[1]: *** [cmTC_f0234] Error 1
make[1]: Leaving directory '/home/lc/ros_workspace/qt_ros_PAC/build/CMakeFiles/CMakeTmp'
Makefile:126: recipe for target 'cmTC_f0234/fast' failed
make: *** [cmTC_f0234/fast] Error 2

File /home/lc/ros_workspace/qt_ros_PAC/build/CMakeFiles/CMakeTmp/CheckSymbolExists.c:
/* */
#include <pthread.h>

int main(int argc, char** argv)
{
  (void)argv;
#ifndef pthread_create
  return ((int*)(&pthread_create))[argc];
#else
  (void)argc;
  return 0;
#endif
}

Determining if the function pthread_create exists in the pthreads failed with the following output:
Change Dir: /home/lc/ros_workspace/qt_ros_PAC/build/CMakeFiles/CMakeTmp

Run Build Command:"/usr/bin/make" "cmTC_30913/fast"
/usr/bin/make -f CMakeFiles/cmTC_30913.dir/build.make CMakeFiles/cmTC_30913.dir/build
make[1]: Entering directory '/home/lc/ros_workspace/qt_ros_PAC/build/CMakeFiles/CMakeTmp'
Building C object CMakeFiles/cmTC_30913.dir/CheckFunctionExists.c.o
/usr/bin/cc    -DCHECK_FUNCTION_EXISTS=pthread_create   -o CMakeFiles/cmTC_30913.dir/CheckFunctionExists.c.o   -c /usr/share/cmake-3.5/Modules/CheckFunctionExists.c
Linking C executable cmTC_30913
/usr/bin/cmake -E cmake_link_script CMakeFiles/cmTC_30913.dir/link.txt --verbose=1
/usr/bin/cc   -DCHECK_FUNCTION_EXISTS=pthread_create    CMakeFiles/cmTC_30913.dir/CheckFunctionExists.c.o  -o cmTC_30913 -rdynamic -lpthreads 
/usr/bin/ld: 找不到 -lpthreads
collect2: error: ld returned 1 exit status
CMakeFiles/cmTC_30913.dir/build.make:97: recipe for target 'cmTC_30913' failed
make[1]: *** [cmTC_30913] Error 1
make[1]: Leaving directory '/home/lc/ros_workspace/qt_ros_PAC/build/CMakeFiles/CMakeTmp'
Makefile:126: recipe for target 'cmTC_30913/fast' failed
make: *** [cmTC_30913/fast] Error 2


Determining if the Q_WS_WIN exist failed with the following output:
Change Dir: /home/lc/ros_workspace/qt_ros_PAC/build/CMakeFiles/CMakeTmp

Run Build Command:"/usr/bin/make" "cmTC_a9bd2/fast"
/usr/bin/make -f CMakeFiles/cmTC_a9bd2.dir/build.make CMakeFiles/cmTC_a9bd2.dir/build
make[1]: Entering directory '/home/lc/ros_workspace/qt_ros_PAC/build/CMakeFiles/CMakeTmp'
Building CXX object CMakeFiles/cmTC_a9bd2.dir/CheckSymbolExists.cxx.o
/usr/bin/c++    -I/usr/include/qt4   -o CMakeFiles/cmTC_a9bd2.dir/CheckSymbolExists.cxx.o -c /home/lc/ros_workspace/qt_ros_PAC/build/CMakeFiles/CMakeTmp/CheckSymbolExists.cxx
/home/lc/ros_workspace/qt_ros_PAC/build/CMakeFiles/CMakeTmp/CheckSymbolExists.cxx: In function ‘int main(int, char**)’:
/home/lc/ros_workspace/qt_ros_PAC/build/CMakeFiles/CMakeTmp/CheckSymbolExists.cxx:8:19: error: ‘Q_WS_WIN’ was not declared in this scope
   return ((int*)(&Q_WS_WIN))[argc];
                   ^
CMakeFiles/cmTC_a9bd2.dir/build.make:65: recipe for target 'CMakeFiles/cmTC_a9bd2.dir/CheckSymbolExists.cxx.o' failed
make[1]: *** [CMakeFiles/cmTC_a9bd2.dir/CheckSymbolExists.cxx.o] Error 1
make[1]: Leaving directory '/home/lc/ros_workspace/qt_ros_PAC/build/CMakeFiles/CMakeTmp'
Makefile:126: recipe for target 'cmTC_a9bd2/fast' failed
make: *** [cmTC_a9bd2/fast] Error 2

File /home/lc/ros_workspace/qt_ros_PAC/build/CMakeFiles/CMakeTmp/CheckSymbolExists.cxx:
/* */
#include <QtCore/qglobal.h>

int main(int argc, char** argv)
{
  (void)argv;
#ifndef Q_WS_WIN
  return ((int*)(&Q_WS_WIN))[argc];
#else
  (void)argc;
  return 0;
#endif
}

Determining if the Q_WS_QWS exist failed with the following output:
Change Dir: /home/lc/ros_workspace/qt_ros_PAC/build/CMakeFiles/CMakeTmp

Run Build Command:"/usr/bin/make" "cmTC_abcdb/fast"
/usr/bin/make -f CMakeFiles/cmTC_abcdb.dir/build.make CMakeFiles/cmTC_abcdb.dir/build
make[1]: Entering directory '/home/lc/ros_workspace/qt_ros_PAC/build/CMakeFiles/CMakeTmp'
Building CXX object CMakeFiles/cmTC_abcdb.dir/CheckSymbolExists.cxx.o
/usr/bin/c++    -I/usr/include/qt4   -o CMakeFiles/cmTC_abcdb.dir/CheckSymbolExists.cxx.o -c /home/lc/ros_workspace/qt_ros_PAC/build/CMakeFiles/CMakeTmp/CheckSymbolExists.cxx
/home/lc/ros_workspace/qt_ros_PAC/build/CMakeFiles/CMakeTmp/CheckSymbolExists.cxx: In function ‘int main(int, char**)’:
/home/lc/ros_workspace/qt_ros_PAC/build/CMakeFiles/CMakeTmp/CheckSymbolExists.cxx:8:19: error: ‘Q_WS_QWS’ was not declared in this scope
   return ((int*)(&Q_WS_QWS))[argc];
                   ^
CMakeFiles/cmTC_abcdb.dir/build.make:65: recipe for target 'CMakeFiles/cmTC_abcdb.dir/CheckSymbolExists.cxx.o' failed
make[1]: *** [CMakeFiles/cmTC_abcdb.dir/CheckSymbolExists.cxx.o] Error 1
make[1]: Leaving directory '/home/lc/ros_workspace/qt_ros_PAC/build/CMakeFiles/CMakeTmp'
Makefile:126: recipe for target 'cmTC_abcdb/fast' failed
make: *** [cmTC_abcdb/fast] Error 2

File /home/lc/ros_workspace/qt_ros_PAC/build/CMakeFiles/CMakeTmp/CheckSymbolExists.cxx:
/* */
#include <QtCore/qglobal.h>

int main(int argc, char** argv)
{
  (void)argv;
#ifndef Q_WS_QWS
  return ((int*)(&Q_WS_QWS))[argc];
#else
  (void)argc;
  return 0;
#endif
}

Determining if the Q_WS_MAC exist failed with the following output:
Change Dir: /home/lc/ros_workspace/qt_ros_PAC/build/CMakeFiles/CMakeTmp

Run Build Command:"/usr/bin/make" "cmTC_78c13/fast"
/usr/bin/make -f CMakeFiles/cmTC_78c13.dir/build.make CMakeFiles/cmTC_78c13.dir/build
make[1]: Entering directory '/home/lc/ros_workspace/qt_ros_PAC/build/CMakeFiles/CMakeTmp'
Building CXX object CMakeFiles/cmTC_78c13.dir/CheckSymbolExists.cxx.o
/usr/bin/c++    -I/usr/include/qt4   -o CMakeFiles/cmTC_78c13.dir/CheckSymbolExists.cxx.o -c /home/lc/ros_workspace/qt_ros_PAC/build/CMakeFiles/CMakeTmp/CheckSymbolExists.cxx
/home/lc/ros_workspace/qt_ros_PAC/build/CMakeFiles/CMakeTmp/CheckSymbolExists.cxx: In function ‘int main(int, char**)’:
/home/lc/ros_workspace/qt_ros_PAC/build/CMakeFiles/CMakeTmp/CheckSymbolExists.cxx:8:19: error: ‘Q_WS_MAC’ was not declared in this scope
   return ((int*)(&Q_WS_MAC))[argc];
                   ^
CMakeFiles/cmTC_78c13.dir/build.make:65: recipe for target 'CMakeFiles/cmTC_78c13.dir/CheckSymbolExists.cxx.o' failed
make[1]: *** [CMakeFiles/cmTC_78c13.dir/CheckSymbolExists.cxx.o] Error 1
make[1]: Leaving directory '/home/lc/ros_workspace/qt_ros_PAC/build/CMakeFiles/CMakeTmp'
Makefile:126: recipe for target 'cmTC_78c13/fast' failed
make: *** [cmTC_78c13/fast] Error 2

File /home/lc/ros_workspace/qt_ros_PAC/build/CMakeFiles/CMakeTmp/CheckSymbolExists.cxx:
/* */
#include <QtCore/qglobal.h>

int main(int argc, char** argv)
{
  (void)argv;
#ifndef Q_WS_MAC
  return ((int*)(&Q_WS_MAC))[argc];
#else
  (void)argc;
  return 0;
#endif
}

